#
# There is insufficient memory for the Java Runtime Environment to continue.
# Native memory allocation (malloc) failed to allocate 74992 bytes. Error detail: Chunk::new
# Possible reasons:
#   The system is out of physical RAM or swap space
#   This process is running with CompressedOops enabled, and the Java Heap may be blocking the growth of the native heap
# Possible solutions:
#   Reduce memory load on the system
#   Increase physical memory or swap space
#   Check if swap backing store is full
#   Decrease Java heap size (-Xmx/-Xms)
#   Decrease number of Java threads
#   Decrease Java thread stack sizes (-Xss)
#   Set larger code cache with -XX:ReservedCodeCacheSize=
#   JVM is running with Unscaled Compressed Oops mode in which the Java heap is
#     placed in the first 4GB address space. The Java Heap base address is the
#     maximum limit for the native heap growth. Please use -XX:HeapBaseMinAddress
#     to set the Java Heap base and to place the Java Heap above 4GB virtual address.
# This output file may be truncated or incomplete.
#
#  Out of Memory Error (arena.cpp:168), pid=29128, tid=22844
#
# JRE version: OpenJDK Runtime Environment Temurin-21.0.9+10 (21.0.9+10) (build 21.0.9+10-LTS)
# Java VM: OpenJDK 64-Bit Server VM Temurin-21.0.9+10 (21.0.9+10-LTS, mixed mode, sharing, tiered, compressed oops, compressed class ptrs, parallel gc, windows-amd64)
# No core dump will be written. Minidumps are not enabled by default on client versions of Windows
#

---------------  S U M M A R Y ------------

Command Line: --add-modules=ALL-SYSTEM --add-opens=java.base/java.util=ALL-UNNAMED --add-opens=java.base/java.lang=ALL-UNNAMED --add-opens=java.base/sun.nio.fs=ALL-UNNAMED -Declipse.application=org.eclipse.jdt.ls.core.id1 -Dosgi.bundles.defaultStartLevel=4 -Declipse.product=org.eclipse.jdt.ls.core.product -Djava.import.generatesMetadataFilesAtProjectRoot=false -DDetectVMInstallationsJob.disabled=true -Dfile.encoding=utf8 -XX:+UseParallelGC -XX:GCTimeRatio=4 -XX:AdaptiveSizePolicyWeight=90 -Dsun.zip.disableMemoryMapping=true -Xmx2G -Xms100m -Xlog:disable -javaagent:c:\Users\anjal\.vscode\extensions\redhat.java-1.50.0-win32-x64\lombok\lombok-1.18.39-4050.jar c:\Users\anjal\.vscode\extensions\redhat.java-1.50.0-win32-x64\server\plugins\org.eclipse.equinox.launcher_1.7.100.v20251111-0406.jar -configuration c:\Users\anjal\AppData\Roaming\Code\User\globalStorage\redhat.java\1.50.0\config_ss_win -data c:\Users\anjal\AppData\Roaming\Code\User\workspaceStorage\65a096e85dce893be655fe296355c907\redhat.java\ss_ws --pipe=\\.\pipe\lsp-cf048270101fddc73c44fbbbe91df3d0-sock

Host: AMD Ryzen 5 4500U with Radeon Graphics         , 6 cores, 7G,  Windows 11 , 64 bit Build 26100 (10.0.26100.7309)
Time: Sat Dec  6 10:08:56 2025 India Standard Time elapsed time: 26.138956 seconds (0d 0h 0m 26s)

---------------  T H R E A D  ---------------

Current thread (0x000001730d26f030):  JavaThread "C2 CompilerThread1" daemon [_thread_in_native, id=22844, stack(0x0000004785e00000,0x0000004785f00000) (1024K)]


Current CompileTask:
C2:26150 4510       4       java.io.DataOutputStream::writeInt (28 bytes)

Stack: [0x0000004785e00000,0x0000004785f00000]
Native frames: (J=compiled Java code, j=interpreted, Vv=VM code, C=native code)
V  [jvm.dll+0x6d6e29]
V  [jvm.dll+0x8b4b76]
V  [jvm.dll+0x8b712e]
V  [jvm.dll+0x8b7813]
V  [jvm.dll+0x283d86]
V  [jvm.dll+0xc66ed]
V  [jvm.dll+0xc6c31]
V  [jvm.dll+0x3be53b]
V  [jvm.dll+0x1e39b4]
V  [jvm.dll+0x24c0f3]
V  [jvm.dll+0x24b580]
V  [jvm.dll+0x1cb13e]
V  [jvm.dll+0x25b29d]
V  [jvm.dll+0x25982a]
V  [jvm.dll+0x3f7ea6]
V  [jvm.dll+0x85e9ad]
V  [jvm.dll+0x6d565d]
C  [ucrtbase.dll+0x37b0]
C  [KERNEL32.DLL+0x2e8d7]
C  [ntdll.dll+0x8c53c]


---------------  P R O C E S S  ---------------

Threads class SMR info:
_java_thread_list=0x000001730c737880, length=25, elements={
0x00000172ab0bc070, 0x00000172ad60b2e0, 0x00000172ad60c1f0, 0x00000172ad4843c0,
0x00000172ad4a7330, 0x00000172ad4a7d80, 0x00000172ad4a87d0, 0x00000172ad4a9600,
0x00000172ad4c01f0, 0x000001730641eda0, 0x0000017306543330, 0x00000173063ae470,
0x000001730ba40550, 0x000001730ba3eb10, 0x000001730ba3d0d0, 0x000001730ba3f830,
0x000001730ba3d760, 0x000001730ba3fec0, 0x000001730ba3e480, 0x000001730ba3f1a0,
0x000001730ba3ddf0, 0x000001730d777f60, 0x000001730d7785f0, 0x000001730d777240,
0x000001730d26f030
}

Java Threads: ( => current thread )
  0x00000172ab0bc070 JavaThread "main"                              [_thread_blocked, id=12720, stack(0x0000004784800000,0x0000004784900000) (1024K)]
  0x00000172ad60b2e0 JavaThread "Reference Handler"          daemon [_thread_blocked, id=28036, stack(0x0000004784c00000,0x0000004784d00000) (1024K)]
  0x00000172ad60c1f0 JavaThread "Finalizer"                  daemon [_thread_blocked, id=12408, stack(0x0000004784d00000,0x0000004784e00000) (1024K)]
  0x00000172ad4843c0 JavaThread "Signal Dispatcher"          daemon [_thread_blocked, id=33472, stack(0x0000004784e00000,0x0000004784f00000) (1024K)]
  0x00000172ad4a7330 JavaThread "Attach Listener"            daemon [_thread_blocked, id=13236, stack(0x0000004784f00000,0x0000004785000000) (1024K)]
  0x00000172ad4a7d80 JavaThread "Service Thread"             daemon [_thread_blocked, id=33412, stack(0x0000004785000000,0x0000004785100000) (1024K)]
  0x00000172ad4a87d0 JavaThread "Monitor Deflation Thread"   daemon [_thread_blocked, id=35200, stack(0x0000004785100000,0x0000004785200000) (1024K)]
  0x00000172ad4a9600 JavaThread "C2 CompilerThread0"         daemon [_thread_blocked, id=12316, stack(0x0000004785200000,0x0000004785300000) (1024K)]
  0x00000172ad4c01f0 JavaThread "C1 CompilerThread0"         daemon [_thread_blocked, id=27072, stack(0x0000004785300000,0x0000004785400000) (1024K)]
  0x000001730641eda0 JavaThread "Common-Cleaner"             daemon [_thread_blocked, id=30372, stack(0x0000004785400000,0x0000004785500000) (1024K)]
  0x0000017306543330 JavaThread "Notification Thread"        daemon [_thread_blocked, id=8536, stack(0x0000004785500000,0x0000004785600000) (1024K)]
  0x00000173063ae470 JavaThread "JNA Cleaner"                daemon [_thread_blocked, id=36920, stack(0x0000004786a00000,0x0000004786b00000) (1024K)]
  0x000001730ba40550 JavaThread "Thread-1"                   daemon [_thread_in_native, id=11836, stack(0x0000004786c00000,0x0000004786d00000) (1024K)]
  0x000001730ba3eb10 JavaThread "Thread-2"                   daemon [_thread_in_native, id=18148, stack(0x0000004786d00000,0x0000004786e00000) (1024K)]
  0x000001730ba3d0d0 JavaThread "Thread-3"                   daemon [_thread_in_native, id=31792, stack(0x0000004786e00000,0x0000004786f00000) (1024K)]
  0x000001730ba3f830 JavaThread "Thread-4"                   daemon [_thread_in_native, id=32932, stack(0x0000004786f00000,0x0000004787000000) (1024K)]
  0x000001730ba3d760 JavaThread "Thread-5"                   daemon [_thread_in_native, id=16796, stack(0x0000004787000000,0x0000004787100000) (1024K)]
  0x000001730ba3fec0 JavaThread "Thread-6"                   daemon [_thread_in_native, id=30464, stack(0x0000004787100000,0x0000004787200000) (1024K)]
  0x000001730ba3e480 JavaThread "Thread-7"                   daemon [_thread_in_native, id=4080, stack(0x0000004787200000,0x0000004787300000) (1024K)]
  0x000001730ba3f1a0 JavaThread "pool-2-thread-1"                   [_thread_blocked, id=32396, stack(0x0000004787300000,0x0000004787400000) (1024K)]
  0x000001730ba3ddf0 JavaThread "WorkspaceEventsHandler"            [_thread_blocked, id=18836, stack(0x0000004787400000,0x0000004787500000) (1024K)]
  0x000001730d777f60 JavaThread "pool-1-thread-1"                   [_thread_blocked, id=18488, stack(0x0000004787500000,0x0000004787600000) (1024K)]
  0x000001730d7785f0 JavaThread "ForkJoinPool.commonPool-worker-1" daemon [_thread_blocked, id=23480, stack(0x0000004785b00000,0x0000004785c00000) (1024K)]
  0x000001730d777240 JavaThread "pool-3-thread-1"                   [_thread_blocked, id=33948, stack(0x0000004785c00000,0x0000004785d00000) (1024K)]
=>0x000001730d26f030 JavaThread "C2 CompilerThread1"         daemon [_thread_in_native, id=22844, stack(0x0000004785e00000,0x0000004785f00000) (1024K)]
Total: 25

Other Threads:
  0x00000172ab19ebe0 VMThread "VM Thread"                           [id=31872, stack(0x0000004784b00000,0x0000004784c00000) (1024K)]
  0x00000172ad3dca00 WatcherThread "VM Periodic Task Thread"        [id=9164, stack(0x0000004784a00000,0x0000004784b00000) (1024K)]
  0x00000172ad572750 WorkerThread "GC Thread#0"                     [id=11888, stack(0x0000004784900000,0x0000004784a00000) (1024K)]
  0x0000017306a9bea0 WorkerThread "GC Thread#1"                     [id=29736, stack(0x0000004785600000,0x0000004785700000) (1024K)]
  0x0000017306929000 WorkerThread "GC Thread#2"                     [id=35836, stack(0x0000004785700000,0x0000004785800000) (1024K)]
  0x00000173069293a0 WorkerThread "GC Thread#3"                     [id=7304, stack(0x0000004785800000,0x0000004785900000) (1024K)]
  0x0000017306b5a0a0 WorkerThread "GC Thread#4"                     [id=4248, stack(0x0000004785900000,0x0000004785a00000) (1024K)]
  0x0000017306b5a440 WorkerThread "GC Thread#5"                     [id=22564, stack(0x0000004785a00000,0x0000004785b00000) (1024K)]
Total: 8

Threads with active compile tasks:
C2 CompilerThread1  26292 4510       4       java.io.DataOutputStream::writeInt (28 bytes)
Total: 1

VM state: not at safepoint (normal execution)

VM Mutex/Monitor currently owned by a thread: None

Heap address: 0x0000000080000000, size: 2048 MB, Compressed Oops mode: 32-bit

CDS archive(s) mapped at: [0x00000172c4000000-0x00000172c4ba0000-0x00000172c4ba0000), size 12189696, SharedBaseAddress: 0x00000172c4000000, ArchiveRelocationMode: 1.
Compressed class space mapped at: 0x00000172c5000000-0x0000017305000000, reserved size: 1073741824
Narrow klass base: 0x00000172c4000000, Narrow klass shift: 0, Narrow klass range: 0x100000000

GC Precious Log:
 CardTable entry size: 512
 CPUs: 6 total, 6 available
 Memory: 7550M
 Large Page Support: Disabled
 NUMA Support: Disabled
 Compressed Oops: Enabled (32-bit)
 Alignments: Space 512K, Generation 512K, Heap 2M
 Heap Min Capacity: 100M
 Heap Initial Capacity: 100M
 Heap Max Capacity: 2G
 Pre-touch: Disabled
 Parallel Workers: 6

Heap:
 PSYoungGen      total 27648K, used 23478K [0x00000000d5580000, 0x00000000d7480000, 0x0000000100000000)
  eden space 23552K, 82% used [0x00000000d5580000,0x00000000d6882e48,0x00000000d6c80000)
  from space 4096K, 97% used [0x00000000d6d80000,0x00000000d716adb0,0x00000000d7180000)
  to   space 3072K, 0% used [0x00000000d7180000,0x00000000d7180000,0x00000000d7480000)
 ParOldGen       total 68608K, used 10925K [0x0000000080000000, 0x0000000084300000, 0x00000000d5580000)
  object space 68608K, 15% used [0x0000000080000000,0x0000000080aab748,0x0000000084300000)
 Metaspace       used 32146K, committed 33024K, reserved 1114112K
  class space    used 3257K, committed 3648K, reserved 1048576K

Card table byte_map: [0x00000172acef0000,0x00000172ad300000] _byte_map_base: 0x00000172acaf0000

Marking Bits: (ParMarkBitMap*) 0x00007ff8d1852460
 Begin Bits: [0x00000172bfa00000, 0x00000172c1a00000)
 End Bits:   [0x00000172c1a00000, 0x00000172c3a00000)

Polling page: 0x00000172ab2f0000

Metaspace:

Usage:
  Non-class:     28.21 MB used.
      Class:      3.18 MB used.
       Both:     31.39 MB used.

Virtual space:
  Non-class space:       64.00 MB reserved,      28.69 MB ( 45%) committed,  1 nodes.
      Class space:        1.00 GB reserved,       3.56 MB ( <1%) committed,  1 nodes.
             Both:        1.06 GB reserved,      32.25 MB (  3%) committed. 

Chunk freelists:
   Non-Class:  2.41 MB
       Class:  12.30 MB
        Both:  14.71 MB

MaxMetaspaceSize: unlimited
CompressedClassSpaceSize: 1.00 GB
Initial GC threshold: 21.00 MB
Current GC threshold: 35.00 MB
CDS: on
 - commit_granule_bytes: 65536.
 - commit_granule_words: 8192.
 - virtual_space_node_default_size: 8388608.
 - enlarge_chunks_in_place: 1.
 - use_allocation_guard: 0.


Internal statistics:

num_allocs_failed_limit: 3.
num_arena_births: 576.
num_arena_deaths: 14.
num_vsnodes_births: 2.
num_vsnodes_deaths: 0.
num_space_committed: 516.
num_space_uncommitted: 0.
num_chunks_returned_to_freelist: 17.
num_chunks_taken_from_freelist: 1801.
num_chunk_merges: 7.
num_chunk_splits: 1165.
num_chunks_enlarged: 779.
num_inconsistent_stats: 0.

CodeHeap 'non-profiled nmethods': size=120000Kb used=2141Kb max_used=2141Kb free=117859Kb
 bounds [0x00000172b8220000, 0x00000172b8490000, 0x00000172bf750000]
CodeHeap 'profiled nmethods': size=120000Kb used=9388Kb max_used=9388Kb free=110611Kb
 bounds [0x00000172b0750000, 0x00000172b1080000, 0x00000172b7c80000]
CodeHeap 'non-nmethods': size=5760Kb used=1347Kb max_used=1373Kb free=4412Kb
 bounds [0x00000172b7c80000, 0x00000172b7ef0000, 0x00000172b8220000]
CodeCache: size=245760Kb, used=12876Kb, max_used=12902Kb, free=232882Kb
 total_blobs=5181, nmethods=4540, adapters=547, full_count=0
Compilation: enabled, stopped_count=0, restarted_count=0

Compilation events (20 events):
Event: 26.025 Thread 0x00000172ad4c01f0 4517       3       java.util.Collections$SingletonMap::keySet (23 bytes)
Event: 26.026 Thread 0x00000172ad4c01f0 nmethod 4517 0x00000172b1069410 code [0x00000172b10695e0, 0x00000172b1069988]
Event: 26.033 Thread 0x00000172ad4c01f0 4518       3       java.util.HashMap::getNode (150 bytes)
Event: 26.033 Thread 0x00000172ad4c01f0 nmethod 4518 0x00000172b1069b10 code [0x00000172b1069d60, 0x00000172b106a890]
Event: 26.033 Thread 0x00000172ad4c01f0 4520       3       java.util.HashMap::putVal (300 bytes)
Event: 26.034 Thread 0x00000172ad4c01f0 nmethod 4520 0x00000172b106ab90 code [0x00000172b106ae40, 0x00000172b106bef8]
Event: 26.034 Thread 0x00000172ad4c01f0 4521       3       org.eclipse.osgi.container.ModuleDatabase$Persistence::writeList (278 bytes)
Event: 26.050 Thread 0x00000172ad4c01f0 nmethod 4521 0x00000172b106c390 code [0x00000172b106ca00, 0x00000172b106ff38]
Event: 26.050 Thread 0x00000172ad4c01f0 4522       3       org.eclipse.osgi.container.ModuleDatabase$Persistence::writeGenericInfo (73 bytes)
Event: 26.052 Thread 0x00000172ad4c01f0 nmethod 4522 0x00000172b1071090 code [0x00000172b10713c0, 0x00000172b1072790]
Event: 26.052 Thread 0x00000172ad4c01f0 4523       3       java.util.Collections$EmptyMap::equals (25 bytes)
Event: 26.052 Thread 0x00000172ad4c01f0 nmethod 4523 0x00000172b1072e90 code [0x00000172b1073060, 0x00000172b10734d0]
Event: 26.052 Thread 0x00000172ad4c01f0 4524       3       java.lang.Long::reverseBytes (46 bytes)
Event: 26.052 Thread 0x00000172ad4c01f0 nmethod 4524 0x00000172b1073590 code [0x00000172b1073720, 0x00000172b1073878]
Event: 26.052 Thread 0x00000172ad4a9600 nmethod 4514 0x00000172b8431010 code [0x00000172b84311e0, 0x00000172b8431520]
Event: 26.052 Thread 0x00000172ad4a9600 4525       4       java.util.HashMap::getNode (150 bytes)
Event: 26.055 Thread 0x00000172ad4a9600 nmethod 4525 0x00000172b8431810 code [0x00000172b84319c0, 0x00000172b8431cb0]
Event: 26.055 Thread 0x00000172ad4a9600 4519       4       java.util.HashMap::hash (20 bytes)
Event: 26.055 Thread 0x00000172ad4a9600 nmethod 4519 0x00000172b8431f10 code [0x00000172b84320a0, 0x00000172b8432190]
Event: 26.055 Thread 0x00000172ad4a9600 4515       4       org.eclipse.osgi.container.ModuleDatabase$Persistence::writeString (99 bytes)

GC Heap History (20 events):
Event: 2.089 GC heap before
{Heap before GC invocations=1 (full 0):
 PSYoungGen      total 29696K, used 25600K [0x00000000d5580000, 0x00000000d7680000, 0x0000000100000000)
  eden space 25600K, 100% used [0x00000000d5580000,0x00000000d6e80000,0x00000000d6e80000)
  from space 4096K, 0% used [0x00000000d7280000,0x00000000d7280000,0x00000000d7680000)
  to   space 4096K, 0% used [0x00000000d6e80000,0x00000000d6e80000,0x00000000d7280000)
 ParOldGen       total 68608K, used 0K [0x0000000080000000, 0x0000000084300000, 0x00000000d5580000)
  object space 68608K, 0% used [0x0000000080000000,0x0000000080000000,0x0000000084300000)
 Metaspace       used 4488K, committed 4672K, reserved 1114112K
  class space    used 491K, committed 576K, reserved 1048576K
}
Event: 2.114 GC heap after
{Heap after GC invocations=1 (full 0):
 PSYoungGen      total 29696K, used 3271K [0x00000000d5580000, 0x00000000d7680000, 0x0000000100000000)
  eden space 25600K, 0% used [0x00000000d5580000,0x00000000d5580000,0x00000000d6e80000)
  from space 4096K, 79% used [0x00000000d6e80000,0x00000000d71b1e98,0x00000000d7280000)
  to   space 4096K, 0% used [0x00000000d7280000,0x00000000d7280000,0x00000000d7680000)
 ParOldGen       total 68608K, used 0K [0x0000000080000000, 0x0000000084300000, 0x00000000d5580000)
  object space 68608K, 0% used [0x0000000080000000,0x0000000080000000,0x0000000084300000)
 Metaspace       used 4488K, committed 4672K, reserved 1114112K
  class space    used 491K, committed 576K, reserved 1048576K
}
Event: 9.886 GC heap before
{Heap before GC invocations=2 (full 0):
 PSYoungGen      total 29696K, used 28871K [0x00000000d5580000, 0x00000000d7680000, 0x0000000100000000)
  eden space 25600K, 100% used [0x00000000d5580000,0x00000000d6e80000,0x00000000d6e80000)
  from space 4096K, 79% used [0x00000000d6e80000,0x00000000d71b1e98,0x00000000d7280000)
  to   space 4096K, 0% used [0x00000000d7280000,0x00000000d7280000,0x00000000d7680000)
 ParOldGen       total 68608K, used 0K [0x0000000080000000, 0x0000000084300000, 0x00000000d5580000)
  object space 68608K, 0% used [0x0000000080000000,0x0000000080000000,0x0000000084300000)
 Metaspace       used 8352K, committed 8640K, reserved 1114112K
  class space    used 888K, committed 1024K, reserved 1048576K
}
Event: 9.890 GC heap after
{Heap after GC invocations=2 (full 0):
 PSYoungGen      total 29696K, used 4072K [0x00000000d5580000, 0x00000000d7680000, 0x0000000100000000)
  eden space 25600K, 0% used [0x00000000d5580000,0x00000000d5580000,0x00000000d6e80000)
  from space 4096K, 99% used [0x00000000d7280000,0x00000000d767a2f0,0x00000000d7680000)
  to   space 4096K, 0% used [0x00000000d6e80000,0x00000000d6e80000,0x00000000d7280000)
 ParOldGen       total 68608K, used 380K [0x0000000080000000, 0x0000000084300000, 0x00000000d5580000)
  object space 68608K, 0% used [0x0000000080000000,0x000000008005f3e8,0x0000000084300000)
 Metaspace       used 8352K, committed 8640K, reserved 1114112K
  class space    used 888K, committed 1024K, reserved 1048576K
}
Event: 10.377 GC heap before
{Heap before GC invocations=3 (full 0):
 PSYoungGen      total 29696K, used 29672K [0x00000000d5580000, 0x00000000d7680000, 0x0000000100000000)
  eden space 25600K, 100% used [0x00000000d5580000,0x00000000d6e80000,0x00000000d6e80000)
  from space 4096K, 99% used [0x00000000d7280000,0x00000000d767a2f0,0x00000000d7680000)
  to   space 4096K, 0% used [0x00000000d6e80000,0x00000000d6e80000,0x00000000d7280000)
 ParOldGen       total 68608K, used 380K [0x0000000080000000, 0x0000000084300000, 0x00000000d5580000)
  object space 68608K, 0% used [0x0000000080000000,0x000000008005f3e8,0x0000000084300000)
 Metaspace       used 9435K, committed 9792K, reserved 1114112K
  class space    used 987K, committed 1152K, reserved 1048576K
}
Event: 10.384 GC heap after
{Heap after GC invocations=3 (full 0):
 PSYoungGen      total 29696K, used 4080K [0x00000000d5580000, 0x00000000d7680000, 0x0000000100000000)
  eden space 25600K, 0% used [0x00000000d5580000,0x00000000d5580000,0x00000000d6e80000)
  from space 4096K, 99% used [0x00000000d6e80000,0x00000000d727c088,0x00000000d7280000)
  to   space 4096K, 0% used [0x00000000d7280000,0x00000000d7280000,0x00000000d7680000)
 ParOldGen       total 68608K, used 3075K [0x0000000080000000, 0x0000000084300000, 0x00000000d5580000)
  object space 68608K, 4% used [0x0000000080000000,0x0000000080300cb8,0x0000000084300000)
 Metaspace       used 9435K, committed 9792K, reserved 1114112K
  class space    used 987K, committed 1152K, reserved 1048576K
}
Event: 11.044 GC heap before
{Heap before GC invocations=4 (full 0):
 PSYoungGen      total 29696K, used 29680K [0x00000000d5580000, 0x00000000d7680000, 0x0000000100000000)
  eden space 25600K, 100% used [0x00000000d5580000,0x00000000d6e80000,0x00000000d6e80000)
  from space 4096K, 99% used [0x00000000d6e80000,0x00000000d727c088,0x00000000d7280000)
  to   space 4096K, 0% used [0x00000000d7280000,0x00000000d7280000,0x00000000d7680000)
 ParOldGen       total 68608K, used 3075K [0x0000000080000000, 0x0000000084300000, 0x00000000d5580000)
  object space 68608K, 4% used [0x0000000080000000,0x0000000080300cb8,0x0000000084300000)
 Metaspace       used 13809K, committed 14272K, reserved 1114112K
  class space    used 1432K, committed 1664K, reserved 1048576K
}
Event: 11.048 GC heap after
{Heap after GC invocations=4 (full 0):
 PSYoungGen      total 29696K, used 4077K [0x00000000d5580000, 0x00000000d7680000, 0x0000000100000000)
  eden space 25600K, 0% used [0x00000000d5580000,0x00000000d5580000,0x00000000d6e80000)
  from space 4096K, 99% used [0x00000000d7280000,0x00000000d767b568,0x00000000d7680000)
  to   space 4096K, 0% used [0x00000000d6e80000,0x00000000d6e80000,0x00000000d7280000)
 ParOldGen       total 68608K, used 4682K [0x0000000080000000, 0x0000000084300000, 0x00000000d5580000)
  object space 68608K, 6% used [0x0000000080000000,0x0000000080492af0,0x0000000084300000)
 Metaspace       used 13809K, committed 14272K, reserved 1114112K
  class space    used 1432K, committed 1664K, reserved 1048576K
}
Event: 11.461 GC heap before
{Heap before GC invocations=5 (full 0):
 PSYoungGen      total 29696K, used 29677K [0x00000000d5580000, 0x00000000d7680000, 0x0000000100000000)
  eden space 25600K, 100% used [0x00000000d5580000,0x00000000d6e80000,0x00000000d6e80000)
  from space 4096K, 99% used [0x00000000d7280000,0x00000000d767b568,0x00000000d7680000)
  to   space 4096K, 0% used [0x00000000d6e80000,0x00000000d6e80000,0x00000000d7280000)
 ParOldGen       total 68608K, used 4682K [0x0000000080000000, 0x0000000084300000, 0x00000000d5580000)
  object space 68608K, 6% used [0x0000000080000000,0x0000000080492af0,0x0000000084300000)
 Metaspace       used 17259K, committed 17920K, reserved 1114112K
  class space    used 1765K, committed 2048K, reserved 1048576K
}
Event: 11.465 GC heap after
{Heap after GC invocations=5 (full 0):
 PSYoungGen      total 29184K, used 4080K [0x00000000d5580000, 0x00000000d7c00000, 0x0000000100000000)
  eden space 25088K, 0% used [0x00000000d5580000,0x00000000d5580000,0x00000000d6e00000)
  from space 4096K, 99% used [0x00000000d6e80000,0x00000000d727c280,0x00000000d7280000)
  to   space 7168K, 0% used [0x00000000d7500000,0x00000000d7500000,0x00000000d7c00000)
 ParOldGen       total 68608K, used 7522K [0x0000000080000000, 0x0000000084300000, 0x00000000d5580000)
  object space 68608K, 10% used [0x0000000080000000,0x0000000080758a28,0x0000000084300000)
 Metaspace       used 17259K, committed 17920K, reserved 1114112K
  class space    used 1765K, committed 2048K, reserved 1048576K
}
Event: 11.681 GC heap before
{Heap before GC invocations=6 (full 0):
 PSYoungGen      total 29184K, used 29005K [0x00000000d5580000, 0x00000000d7c00000, 0x0000000100000000)
  eden space 25088K, 99% used [0x00000000d5580000,0x00000000d6dd71b8,0x00000000d6e00000)
  from space 4096K, 99% used [0x00000000d6e80000,0x00000000d727c280,0x00000000d7280000)
  to   space 7168K, 0% used [0x00000000d7500000,0x00000000d7500000,0x00000000d7c00000)
 ParOldGen       total 68608K, used 7522K [0x0000000080000000, 0x0000000084300000, 0x00000000d5580000)
  object space 68608K, 10% used [0x0000000080000000,0x0000000080758a28,0x0000000084300000)
 Metaspace       used 20917K, committed 21504K, reserved 1114112K
  class space    used 2029K, committed 2304K, reserved 1048576K
}
Event: 11.684 GC heap after
{Heap after GC invocations=6 (full 0):
 PSYoungGen      total 30208K, used 4680K [0x00000000d5580000, 0x00000000d7a00000, 0x0000000100000000)
  eden space 25088K, 0% used [0x00000000d5580000,0x00000000d5580000,0x00000000d6e00000)
  from space 5120K, 91% used [0x00000000d7500000,0x00000000d79921d0,0x00000000d7a00000)
  to   space 5632K, 0% used [0x00000000d6f00000,0x00000000d6f00000,0x00000000d7480000)
 ParOldGen       total 68608K, used 7522K [0x0000000080000000, 0x0000000084300000, 0x00000000d5580000)
  object space 68608K, 10% used [0x0000000080000000,0x0000000080758a28,0x0000000084300000)
 Metaspace       used 20917K, committed 21504K, reserved 1114112K
  class space    used 2029K, committed 2304K, reserved 1048576K
}
Event: 11.684 GC heap before
{Heap before GC invocations=7 (full 1):
 PSYoungGen      total 30208K, used 4680K [0x00000000d5580000, 0x00000000d7a00000, 0x0000000100000000)
  eden space 25088K, 0% used [0x00000000d5580000,0x00000000d5580000,0x00000000d6e00000)
  from space 5120K, 91% used [0x00000000d7500000,0x00000000d79921d0,0x00000000d7a00000)
  to   space 5632K, 0% used [0x00000000d6f00000,0x00000000d6f00000,0x00000000d7480000)
 ParOldGen       total 68608K, used 7522K [0x0000000080000000, 0x0000000084300000, 0x00000000d5580000)
  object space 68608K, 10% used [0x0000000080000000,0x0000000080758a28,0x0000000084300000)
 Metaspace       used 20917K, committed 21504K, reserved 1114112K
  class space    used 2029K, committed 2304K, reserved 1048576K
}
Event: 11.706 GC heap after
{Heap after GC invocations=7 (full 1):
 PSYoungGen      total 30208K, used 0K [0x00000000d5580000, 0x00000000d7a00000, 0x0000000100000000)
  eden space 25088K, 0% used [0x00000000d5580000,0x00000000d5580000,0x00000000d6e00000)
  from space 5120K, 0% used [0x00000000d7500000,0x00000000d7500000,0x00000000d7a00000)
  to   space 5632K, 0% used [0x00000000d6f00000,0x00000000d6f00000,0x00000000d7480000)
 ParOldGen       total 68608K, used 9932K [0x0000000080000000, 0x0000000084300000, 0x00000000d5580000)
  object space 68608K, 14% used [0x0000000080000000,0x00000000809b3228,0x0000000084300000)
 Metaspace       used 20904K, committed 21504K, reserved 1114112K
  class space    used 2026K, committed 2304K, reserved 1048576K
}
Event: 12.060 GC heap before
{Heap before GC invocations=8 (full 1):
 PSYoungGen      total 30208K, used 25088K [0x00000000d5580000, 0x00000000d7a00000, 0x0000000100000000)
  eden space 25088K, 100% used [0x00000000d5580000,0x00000000d6e00000,0x00000000d6e00000)
  from space 5120K, 0% used [0x00000000d7500000,0x00000000d7500000,0x00000000d7a00000)
  to   space 5632K, 0% used [0x00000000d6f00000,0x00000000d6f00000,0x00000000d7480000)
 ParOldGen       total 68608K, used 9932K [0x0000000080000000, 0x0000000084300000, 0x00000000d5580000)
  object space 68608K, 14% used [0x0000000080000000,0x00000000809b3228,0x0000000084300000)
 Metaspace       used 22625K, committed 23232K, reserved 1114112K
  class space    used 2146K, committed 2432K, reserved 1048576K
}
Event: 12.063 GC heap after
{Heap after GC invocations=8 (full 1):
 PSYoungGen      total 27648K, used 2920K [0x00000000d5580000, 0x00000000d7580000, 0x0000000100000000)
  eden space 24576K, 0% used [0x00000000d5580000,0x00000000d5580000,0x00000000d6d80000)
  from space 3072K, 95% used [0x00000000d6f00000,0x00000000d71da2b0,0x00000000d7200000)
  to   space 3584K, 0% used [0x00000000d7200000,0x00000000d7200000,0x00000000d7580000)
 ParOldGen       total 68608K, used 9940K [0x0000000080000000, 0x0000000084300000, 0x00000000d5580000)
  object space 68608K, 14% used [0x0000000080000000,0x00000000809b5228,0x0000000084300000)
 Metaspace       used 22625K, committed 23232K, reserved 1114112K
  class space    used 2146K, committed 2432K, reserved 1048576K
}
Event: 12.757 GC heap before
{Heap before GC invocations=9 (full 1):
 PSYoungGen      total 27648K, used 27496K [0x00000000d5580000, 0x00000000d7580000, 0x0000000100000000)
  eden space 24576K, 100% used [0x00000000d5580000,0x00000000d6d80000,0x00000000d6d80000)
  from space 3072K, 95% used [0x00000000d6f00000,0x00000000d71da2b0,0x00000000d7200000)
  to   space 3584K, 0% used [0x00000000d7200000,0x00000000d7200000,0x00000000d7580000)
 ParOldGen       total 68608K, used 9940K [0x0000000080000000, 0x0000000084300000, 0x00000000d5580000)
  object space 68608K, 14% used [0x0000000080000000,0x00000000809b5228,0x0000000084300000)
 Metaspace       used 27000K, committed 27712K, reserved 1114112K
  class space    used 2627K, committed 2944K, reserved 1048576K
}
Event: 12.759 GC heap after
{Heap after GC invocations=9 (full 1):
 PSYoungGen      total 27648K, used 3576K [0x00000000d5580000, 0x00000000d7580000, 0x0000000100000000)
  eden space 24064K, 0% used [0x00000000d5580000,0x00000000d5580000,0x00000000d6d00000)
  from space 3584K, 99% used [0x00000000d7200000,0x00000000d757e2c0,0x00000000d7580000)
  to   space 4096K, 0% used [0x00000000d6d80000,0x00000000d6d80000,0x00000000d7180000)
 ParOldGen       total 68608K, used 10136K [0x0000000080000000, 0x0000000084300000, 0x00000000d5580000)
  object space 68608K, 14% used [0x0000000080000000,0x00000000809e6238,0x0000000084300000)
 Metaspace       used 27000K, committed 27712K, reserved 1114112K
  class space    used 2627K, committed 2944K, reserved 1048576K
}
Event: 13.037 GC heap before
{Heap before GC invocations=10 (full 1):
 PSYoungGen      total 27648K, used 27637K [0x00000000d5580000, 0x00000000d7580000, 0x0000000100000000)
  eden space 24064K, 99% used [0x00000000d5580000,0x00000000d6cff538,0x00000000d6d00000)
  from space 3584K, 99% used [0x00000000d7200000,0x00000000d757e2c0,0x00000000d7580000)
  to   space 4096K, 0% used [0x00000000d6d80000,0x00000000d6d80000,0x00000000d7180000)
 ParOldGen       total 68608K, used 10136K [0x0000000080000000, 0x0000000084300000, 0x00000000d5580000)
  object space 68608K, 14% used [0x0000000080000000,0x00000000809e6238,0x0000000084300000)
 Metaspace       used 29942K, committed 30720K, reserved 1114112K
  class space    used 2985K, committed 3328K, reserved 1048576K
}
Event: 13.040 GC heap after
{Heap after GC invocations=10 (full 1):
 PSYoungGen      total 27648K, used 4011K [0x00000000d5580000, 0x00000000d7480000, 0x0000000100000000)
  eden space 23552K, 0% used [0x00000000d5580000,0x00000000d5580000,0x00000000d6c80000)
  from space 4096K, 97% used [0x00000000d6d80000,0x00000000d716adb0,0x00000000d7180000)
  to   space 3072K, 0% used [0x00000000d7180000,0x00000000d7180000,0x00000000d7480000)
 ParOldGen       total 68608K, used 10925K [0x0000000080000000, 0x0000000084300000, 0x00000000d5580000)
  object space 68608K, 15% used [0x0000000080000000,0x0000000080aab748,0x0000000084300000)
 Metaspace       used 29942K, committed 30720K, reserved 1114112K
  class space    used 2985K, committed 3328K, reserved 1048576K
}

Dll operation events (12 events):
Event: 0.280 Loaded shared library c:\Users\anjal\.vscode\extensions\redhat.java-1.50.0-win32-x64\jre\21.0.9-win32-x86_64\bin\java.dll
Event: 0.476 Loaded shared library c:\Users\anjal\.vscode\extensions\redhat.java-1.50.0-win32-x64\jre\21.0.9-win32-x86_64\bin\zip.dll
Event: 0.511 Loaded shared library C:\Users\anjal\.vscode\extensions\redhat.java-1.50.0-win32-x64\jre\21.0.9-win32-x86_64\bin\instrument.dll
Event: 0.569 Loaded shared library C:\Users\anjal\.vscode\extensions\redhat.java-1.50.0-win32-x64\jre\21.0.9-win32-x86_64\bin\net.dll
Event: 0.630 Loaded shared library C:\Users\anjal\.vscode\extensions\redhat.java-1.50.0-win32-x64\jre\21.0.9-win32-x86_64\bin\nio.dll
Event: 0.634 Loaded shared library C:\Users\anjal\.vscode\extensions\redhat.java-1.50.0-win32-x64\jre\21.0.9-win32-x86_64\bin\zip.dll
Event: 0.664 Loaded shared library C:\Users\anjal\.vscode\extensions\redhat.java-1.50.0-win32-x64\jre\21.0.9-win32-x86_64\bin\jimage.dll
Event: 0.818 Loaded shared library c:\Users\anjal\.vscode\extensions\redhat.java-1.50.0-win32-x64\jre\21.0.9-win32-x86_64\bin\verify.dll
Event: 10.271 Loaded shared library C:\Users\anjal\AppData\Roaming\Code\User\globalStorage\redhat.java\1.50.0\config_ss_win\org.eclipse.equinox.launcher\org.eclipse.equinox.launcher.win32.win32.x86_64_1.2.1400.v20250801-0854\eclipse_11916.dll
Event: 11.184 Loaded shared library C:\Users\anjal\.vscode\extensions\redhat.java-1.50.0-win32-x64\jre\21.0.9-win32-x86_64\bin\management.dll
Event: 11.227 Loaded shared library C:\Users\anjal\.vscode\extensions\redhat.java-1.50.0-win32-x64\jre\21.0.9-win32-x86_64\bin\management_ext.dll
Event: 12.600 Loaded shared library C:\Users\anjal\AppData\Local\Temp\jna-92963528\jna7756988095245301724.dll

Deoptimization events (20 events):
Event: 25.955 Thread 0x000001730d7778d0 Uncommon trap: trap_request=0xffffff45 fr.pc=0x00000172b83ed7bc relative=0x000000000000053c
Event: 25.955 Thread 0x000001730d7778d0 Uncommon trap: reason=unstable_if action=reinterpret pc=0x00000172b83ed7bc method=java.util.HashMap.removeNode(ILjava/lang/Object;Ljava/lang/Object;ZZ)Ljava/util/HashMap$Node; @ 62 c2
Event: 25.955 Thread 0x000001730d7778d0 DEOPT PACKING pc=0x00000172b83ed7bc sp=0x0000004785dfed70
Event: 25.955 Thread 0x000001730d7778d0 DEOPT UNPACKING pc=0x00000172b7cd3aa2 sp=0x0000004785dfec80 mode 2
Event: 25.970 Thread 0x000001730d7778d0 Uncommon trap: trap_request=0xffffff45 fr.pc=0x00000172b82b87e8 relative=0x0000000000000208
Event: 25.970 Thread 0x000001730d7778d0 Uncommon trap: reason=unstable_if action=reinterpret pc=0x00000172b82b87e8 method=java.util.HashMap.getNode(Ljava/lang/Object;)Ljava/util/HashMap$Node; @ 66 c2
Event: 25.970 Thread 0x000001730d7778d0 DEOPT PACKING pc=0x00000172b82b87e8 sp=0x0000004785dfed30
Event: 26.003 Thread 0x000001730d7778d0 DEOPT UNPACKING pc=0x00000172b7cd3aa2 sp=0x0000004785dfec30 mode 2
Event: 26.003 Thread 0x000001730d7778d0 Uncommon trap: trap_request=0xffffff45 fr.pc=0x00000172b842b6c8 relative=0x0000000000000788
Event: 26.003 Thread 0x000001730d7778d0 Uncommon trap: reason=unstable_if action=reinterpret pc=0x00000172b842b6c8 method=java.util.HashMap.putVal(ILjava/lang/Object;Ljava/lang/Object;ZZ)Ljava/lang/Object; @ 94 c2
Event: 26.003 Thread 0x000001730d7778d0 DEOPT PACKING pc=0x00000172b842b6c8 sp=0x0000004785dfed00
Event: 26.003 Thread 0x000001730d7778d0 DEOPT UNPACKING pc=0x00000172b7cd3aa2 sp=0x0000004785dfec08 mode 2
Event: 26.032 Thread 0x000001730d7778d0 Uncommon trap: trap_request=0xffffff45 fr.pc=0x00000172b82b7664 relative=0x0000000000000204
Event: 26.032 Thread 0x000001730d7778d0 Uncommon trap: reason=unstable_if action=reinterpret pc=0x00000172b82b7664 method=java.util.HashMap.getNode(Ljava/lang/Object;)Ljava/util/HashMap$Node; @ 66 c2
Event: 26.032 Thread 0x000001730d7778d0 DEOPT PACKING pc=0x00000172b82b7664 sp=0x0000004785dfed00
Event: 26.032 Thread 0x000001730d7778d0 DEOPT UNPACKING pc=0x00000172b7cd3aa2 sp=0x0000004785dfec70 mode 2
Event: 26.032 Thread 0x000001730d7778d0 Uncommon trap: trap_request=0xffffff45 fr.pc=0x00000172b842a4a8 relative=0x0000000000000708
Event: 26.032 Thread 0x000001730d7778d0 Uncommon trap: reason=unstable_if action=reinterpret pc=0x00000172b842a4a8 method=java.util.HashMap.putVal(ILjava/lang/Object;Ljava/lang/Object;ZZ)Ljava/lang/Object; @ 94 c2
Event: 26.032 Thread 0x000001730d7778d0 DEOPT PACKING pc=0x00000172b842a4a8 sp=0x0000004785dfec70
Event: 26.032 Thread 0x000001730d7778d0 DEOPT UNPACKING pc=0x00000172b7cd3aa2 sp=0x0000004785dfebe8 mode 2

Classes loaded (20 events):
Event: 25.809 Loading class java/util/stream/ReferencePipeline$5
Event: 25.809 Loading class java/util/stream/LongPipeline$StatelessOp
Event: 25.809 Loading class java/util/stream/LongPipeline
Event: 25.809 Loading class java/util/stream/LongStream
Event: 25.809 Loading class java/util/stream/LongStream done
Event: 25.809 Loading class java/util/stream/LongPipeline done
Event: 25.809 Loading class java/util/stream/LongPipeline$StatelessOp done
Event: 25.809 Loading class java/util/stream/ReferencePipeline$5 done
Event: 25.809 Loading class java/util/function/LongBinaryOperator
Event: 25.809 Loading class java/util/function/LongBinaryOperator done
Event: 25.810 Loading class java/util/stream/ReduceOps$10
Event: 25.810 Loading class java/util/stream/ReduceOps$10 done
Event: 25.810 Loading class java/util/stream/ReduceOps$8ReducingSink
Event: 25.810 Loading class java/util/stream/Sink$OfLong
Event: 25.810 Loading class java/util/stream/Sink$OfLong done
Event: 25.810 Loading class java/util/stream/ReduceOps$8ReducingSink done
Event: 25.810 Loading class java/util/stream/ReferencePipeline$5$1
Event: 25.810 Loading class java/util/stream/ReferencePipeline$5$1 done
Event: 25.946 Loading class java/util/RegularEnumSet$EnumSetIterator
Event: 25.946 Loading class java/util/RegularEnumSet$EnumSetIterator done

Classes unloaded (7 events):
Event: 11.689 Thread 0x00000172ab19ebe0 Unloading class 0x00000172c51a8800 'java/lang/invoke/LambdaForm$MH+0x00000172c51a8800'
Event: 11.689 Thread 0x00000172ab19ebe0 Unloading class 0x00000172c51a8400 'java/lang/invoke/LambdaForm$MH+0x00000172c51a8400'
Event: 11.689 Thread 0x00000172ab19ebe0 Unloading class 0x00000172c51a8000 'java/lang/invoke/LambdaForm$MH+0x00000172c51a8000'
Event: 11.689 Thread 0x00000172ab19ebe0 Unloading class 0x00000172c51a7c00 'java/lang/invoke/LambdaForm$MH+0x00000172c51a7c00'
Event: 11.689 Thread 0x00000172ab19ebe0 Unloading class 0x00000172c51a7800 'java/lang/invoke/LambdaForm$BMH+0x00000172c51a7800'
Event: 11.689 Thread 0x00000172ab19ebe0 Unloading class 0x00000172c51a7400 'java/lang/invoke/LambdaForm$DMH+0x00000172c51a7400'
Event: 11.689 Thread 0x00000172ab19ebe0 Unloading class 0x00000172c51a6000 'java/lang/invoke/LambdaForm$DMH+0x00000172c51a6000'

Classes redefined (0 events):
No events

Internal exceptions (20 events):
Event: 13.831 Thread 0x000001730d777f60 Exception <a 'sun/nio/fs/WindowsException'{0x00000000d5bff0a0}> (0x00000000d5bff0a0) 
thrown [s\src\hotspot\share\prims\jni.cpp, line 520]
Event: 13.832 Thread 0x00000173063ad750 Exception <a 'sun/nio/fs/WindowsException'{0x00000000d5c249e0}> (0x00000000d5c249e0) 
thrown [s\src\hotspot\share\prims\jni.cpp, line 520]
Event: 13.877 Thread 0x000001730d777f60 Exception <a 'java/lang/IncompatibleClassChangeError'{0x00000000d5ea4a28}: Found class java.lang.Object, but interface was expected> (0x00000000d5ea4a28) 
thrown [s\src\hotspot\share\interpreter\linkResolver.cpp, line 840]
Event: 24.644 Thread 0x00000173063ad750 Exception <a 'sun/nio/fs/WindowsException'{0x00000000d60b16f8}> (0x00000000d60b16f8) 
thrown [s\src\hotspot\share\prims\jni.cpp, line 520]
Event: 24.647 Thread 0x00000173063ad750 Exception <a 'sun/nio/fs/WindowsException'{0x00000000d60b7ae8}> (0x00000000d60b7ae8) 
thrown [s\src\hotspot\share\prims\jni.cpp, line 520]
Event: 24.676 Thread 0x00000173063ad750 Exception <a 'java/io/FileNotFoundException'{0x00000000d6144340}> (0x00000000d6144340) 
thrown [s\src\hotspot\share\prims\jni.cpp, line 520]
Event: 24.691 Thread 0x00000173063ad750 Exception <a 'java/lang/NoSuchMethodError'{0x00000000d618f230}: 'java.lang.Object java.lang.invoke.DirectMethodHandle$Holder.newInvokeSpecial(java.lang.Object, java.lang.Object, java.lang.Object, java.lang.Object, java.lang.Object, java.lang.Object, java.lang.Object, java.lang.Object, java.lang.Object, java.lang.Object)'> (0x00000000d618f230) 
thrown [s\src\hotspot\share\interpreter\linkResolver.cpp, line 773]
Event: 24.702 Thread 0x000001730d777f60 Exception <a 'java/lang/NoSuchMethodError'{0x00000000d5ff9a38}: 'void java.lang.invoke.DirectMethodHandle$Holder.invokeInterface(java.lang.Object, java.lang.Object)'> (0x00000000d5ff9a38) 
thrown [s\src\hotspot\share\interpreter\linkResolver.cpp, line 773]
Event: 24.729 Thread 0x00000173063ad750 Exception <a 'sun/nio/fs/WindowsException'{0x00000000d62a60e0}> (0x00000000d62a60e0) 
thrown [s\src\hotspot\share\prims\jni.cpp, line 520]
Event: 25.034 Thread 0x000001730d777f60 Exception <a 'java/io/IOException'{0x00000000d61fcb38}> (0x00000000d61fcb38) 
thrown [s\src\hotspot\share\prims\jni.cpp, line 520]
Event: 25.045 Thread 0x000001730d777f60 Exception <a 'java/lang/ClassNotFoundException'{0x00000000d640a5b8}: sun/util/logging/resources/spi/loggingProvider> (0x00000000d640a5b8) 
thrown [s\src\hotspot\share\classfile\systemDictionary.cpp, line 312]
Event: 25.230 Thread 0x000001730d7778d0 Exception <a 'sun/nio/fs/WindowsException'{0x00000000d64592e0}> (0x00000000d64592e0) 
thrown [s\src\hotspot\share\prims\jni.cpp, line 520]
Event: 25.230 Thread 0x000001730d7778d0 Exception <a 'sun/nio/fs/WindowsException'{0x00000000d6459b50}> (0x00000000d6459b50) 
thrown [s\src\hotspot\share\prims\jni.cpp, line 520]
Event: 25.235 Thread 0x000001730d7778d0 Exception <a 'sun/nio/fs/WindowsException'{0x00000000d645a7c8}> (0x00000000d645a7c8) 
thrown [s\src\hotspot\share\prims\jni.cpp, line 520]
Event: 25.236 Thread 0x000001730d7778d0 Exception <a 'sun/nio/fs/WindowsException'{0x00000000d645ae18}> (0x00000000d645ae18) 
thrown [s\src\hotspot\share\prims\jni.cpp, line 520]
Event: 25.259 Thread 0x000001730d7778d0 Exception <a 'java/io/FileNotFoundException'{0x00000000d6499358}> (0x00000000d6499358) 
thrown [s\src\hotspot\share\prims\jni.cpp, line 520]
Event: 25.260 Thread 0x000001730d7778d0 Exception <a 'java/io/FileNotFoundException'{0x00000000d649a370}> (0x00000000d649a370) 
thrown [s\src\hotspot\share\prims\jni.cpp, line 520]
Event: 25.624 Thread 0x000001730d7778d0 Implicit null exception at 0x00000172b841ff7b to 0x00000172b8420dc8
Event: 25.808 Thread 0x000001730d7778d0 Exception <a 'java/lang/NoSuchMethodError'{0x00000000d65c1510}: 'long java.lang.invoke.DirectMethodHandle$Holder.invokeSpecial(java.lang.Object, java.lang.Object)'> (0x00000000d65c1510) 
thrown [s\src\hotspot\share\interpreter\linkResolver.cpp, line 773]
Event: 25.955 Thread 0x000001730d7778d0 Implicit null exception at 0x00000172b83ed388 to 0x00000172b83ed794

ZGC Phase Switch (0 events):
No events

VM Operations (20 events):
Event: 12.443 Executing VM operation: HandshakeAllThreads (Deoptimize)
Event: 12.443 Executing VM operation: HandshakeAllThreads (Deoptimize) done
Event: 12.612 Executing VM operation: HandshakeAllThreads (Deoptimize)
Event: 12.612 Executing VM operation: HandshakeAllThreads (Deoptimize) done
Event: 12.757 Executing VM operation: ParallelGCFailedAllocation (Allocation Failure)
Event: 12.759 Executing VM operation: ParallelGCFailedAllocation (Allocation Failure) done
Event: 12.955 Executing VM operation: HandshakeAllThreads (Deoptimize)
Event: 12.955 Executing VM operation: HandshakeAllThreads (Deoptimize) done
Event: 13.036 Executing VM operation: ParallelGCFailedAllocation (Allocation Failure)
Event: 13.040 Executing VM operation: ParallelGCFailedAllocation (Allocation Failure) done
Event: 13.089 Executing VM operation: HandshakeAllThreads (Deoptimize)
Event: 13.090 Executing VM operation: HandshakeAllThreads (Deoptimize) done
Event: 14.090 Executing VM operation: Cleanup
Event: 14.090 Executing VM operation: Cleanup done
Event: 25.180 Executing VM operation: Cleanup
Event: 25.225 Executing VM operation: Cleanup done
Event: 25.595 Executing VM operation: HandshakeAllThreads (Deoptimize)
Event: 25.595 Executing VM operation: HandshakeAllThreads (Deoptimize) done
Event: 25.922 Executing VM operation: HandshakeAllThreads (Deoptimize)
Event: 25.923 Executing VM operation: HandshakeAllThreads (Deoptimize) done

Memory protections (0 events):
No events

Nmethod flushes (0 events):
No events

Events (20 events):
Event: 13.773 Thread 0x000001730d7785f0 Thread exited: 0x000001730d7785f0
Event: 13.773 Thread 0x000001730d776520 Thread exited: 0x000001730d776520
Event: 20.226 Thread 0x0000017306d06c80 Thread exited: 0x0000017306d06c80
Event: 20.226 Thread 0x0000017306d06620 Thread exited: 0x0000017306d06620
Event: 20.227 Thread 0x0000017306cfcce0 Thread exited: 0x0000017306cfcce0
Event: 20.227 Thread 0x0000017306cfd9a0 Thread exited: 0x0000017306cfd9a0
Event: 20.227 Thread 0x0000017306b47960 Thread exited: 0x0000017306b47960
Event: 20.227 Thread 0x0000017306cfd340 Thread exited: 0x0000017306cfd340
Event: 24.589 Thread 0x000001730d777f60 Thread added: 0x000001730d7785f0
Event: 24.652 Thread 0x00000173063ad750 Thread added: 0x000001730d7799a0
Event: 24.671 Thread 0x000001730d7799a0 Thread exited: 0x000001730d7799a0
Event: 24.706 Thread 0x000001730d777f60 Thread added: 0x000001730d777240
Event: 25.036 Thread 0x00000172ab0bc070 Thread added: 0x000001730d7778d0
Event: 25.602 Thread 0x00000172ad4c01f0 Thread added: 0x00000173063b3720
Event: 25.808 Thread 0x00000173063b3720 Thread exited: 0x00000173063b3720
Event: 25.926 Thread 0x00000173063afeb0 Thread exited: 0x00000173063afeb0
Event: 25.932 Thread 0x00000173063af190 Thread exited: 0x00000173063af190
Event: 25.933 Thread 0x00000173063ad750 Thread exited: 0x00000173063ad750
Event: 25.934 Thread 0x00000173063b0bd0 Thread exited: 0x00000173063b0bd0
Event: 25.951 Thread 0x00000172ad4c01f0 Thread added: 0x000001730d26f030


Dynamic libraries:
0x00007ff63d930000 - 0x00007ff63d93e000 	c:\Users\anjal\.vscode\extensions\redhat.java-1.50.0-win32-x64\jre\21.0.9-win32-x86_64\bin\java.exe
0x00007ff996c20000 - 0x00007ff996e87000 	C:\WINDOWS\SYSTEM32\ntdll.dll
0x00007ff995c60000 - 0x00007ff995d29000 	C:\WINDOWS\System32\KERNEL32.DLL
0x00007ff9941b0000 - 0x00007ff99459f000 	C:\WINDOWS\System32\KERNELBASE.dll
0x00007ff994060000 - 0x00007ff9941ab000 	C:\WINDOWS\System32\ucrtbase.dll
0x00007ff9614c0000 - 0x00007ff9614de000 	c:\Users\anjal\.vscode\extensions\redhat.java-1.50.0-win32-x64\jre\21.0.9-win32-x86_64\bin\VCRUNTIME140.dll
0x00007ff9611e0000 - 0x00007ff9611f8000 	c:\Users\anjal\.vscode\extensions\redhat.java-1.50.0-win32-x64\jre\21.0.9-win32-x86_64\bin\jli.dll
0x00007ff995f70000 - 0x00007ff996135000 	C:\WINDOWS\System32\USER32.dll
0x00007ff994640000 - 0x00007ff994667000 	C:\WINDOWS\System32\win32u.dll
0x00007ff995db0000 - 0x00007ff995ddb000 	C:\WINDOWS\System32\GDI32.dll
0x00007ff994720000 - 0x00007ff99484c000 	C:\WINDOWS\System32\gdi32full.dll
0x00007ff994670000 - 0x00007ff994713000 	C:\WINDOWS\System32\msvcp_win.dll
0x00007ff983d50000 - 0x00007ff983fe3000 	C:\WINDOWS\WinSxS\amd64_microsoft.windows.common-controls_6595b64144ccf1df_6.0.26100.7309_none_3e05feeae336a044\COMCTL32.dll
0x00007ff996b30000 - 0x00007ff996bd9000 	C:\WINDOWS\System32\msvcrt.dll
0x00007ff994a80000 - 0x00007ff994ab1000 	C:\WINDOWS\System32\IMM32.DLL
0x00007ff990620000 - 0x00007ff99062c000 	c:\Users\anjal\.vscode\extensions\redhat.java-1.50.0-win32-x64\jre\21.0.9-win32-x86_64\bin\vcruntime140_1.dll
0x00007ff90e7b0000 - 0x00007ff90e83d000 	c:\Users\anjal\.vscode\extensions\redhat.java-1.50.0-win32-x64\jre\21.0.9-win32-x86_64\bin\msvcp140.dll
0x00007ff8d0b90000 - 0x00007ff8d1930000 	c:\Users\anjal\.vscode\extensions\redhat.java-1.50.0-win32-x64\jre\21.0.9-win32-x86_64\bin\server\jvm.dll
0x00007ff9949c0000 - 0x00007ff994a74000 	C:\WINDOWS\System32\ADVAPI32.dll
0x00007ff994ac0000 - 0x00007ff994b66000 	C:\WINDOWS\System32\sechost.dll
0x00007ff995de0000 - 0x00007ff995ef8000 	C:\WINDOWS\System32\RPCRT4.dll
0x00007ff9969d0000 - 0x00007ff996a44000 	C:\WINDOWS\System32\WS2_32.dll
0x00007ff993bd0000 - 0x00007ff993c2e000 	C:\WINDOWS\SYSTEM32\POWRPROF.dll
0x00007ff98b9b0000 - 0x00007ff98b9e5000 	C:\WINDOWS\SYSTEM32\WINMM.dll
0x00007ff98b9f0000 - 0x00007ff98b9fb000 	C:\WINDOWS\SYSTEM32\VERSION.dll
0x00007ff993bb0000 - 0x00007ff993bc4000 	C:\WINDOWS\SYSTEM32\UMPDC.dll
0x00007ff992b20000 - 0x00007ff992b3b000 	C:\WINDOWS\SYSTEM32\kernel.appcore.dll
0x00007ff974220000 - 0x00007ff97422a000 	c:\Users\anjal\.vscode\extensions\redhat.java-1.50.0-win32-x64\jre\21.0.9-win32-x86_64\bin\jimage.dll
0x00007ff9913b0000 - 0x00007ff9915f2000 	C:\WINDOWS\SYSTEM32\DBGHELP.DLL
0x00007ff9952d0000 - 0x00007ff995656000 	C:\WINDOWS\System32\combase.dll
0x00007ff996150000 - 0x00007ff996226000 	C:\WINDOWS\System32\OLEAUT32.dll
0x00007ff980100000 - 0x00007ff98013c000 	C:\WINDOWS\SYSTEM32\dbgcore.DLL
0x00007ff994850000 - 0x00007ff9948f5000 	C:\WINDOWS\System32\bcryptPrimitives.dll
0x00007ff9707b0000 - 0x00007ff9707bf000 	c:\Users\anjal\.vscode\extensions\redhat.java-1.50.0-win32-x64\jre\21.0.9-win32-x86_64\bin\instrument.dll
0x00007ff961590000 - 0x00007ff9615b0000 	c:\Users\anjal\.vscode\extensions\redhat.java-1.50.0-win32-x64\jre\21.0.9-win32-x86_64\bin\java.dll
0x00007ff994b70000 - 0x00007ff9952c3000 	C:\WINDOWS\System32\SHELL32.dll
0x00007ff993d70000 - 0x00007ff993eda000 	C:\WINDOWS\System32\wintypes.dll
0x00007ff991960000 - 0x00007ff9921be000 	C:\WINDOWS\SYSTEM32\windows.storage.dll
0x00007ff996770000 - 0x00007ff996864000 	C:\WINDOWS\System32\SHCORE.dll
0x00007ff995f00000 - 0x00007ff995f66000 	C:\WINDOWS\System32\shlwapi.dll
0x00007ff993c90000 - 0x00007ff993cb9000 	C:\WINDOWS\SYSTEM32\profapi.dll
0x00007ff960cc0000 - 0x00007ff960cd8000 	c:\Users\anjal\.vscode\extensions\redhat.java-1.50.0-win32-x64\jre\21.0.9-win32-x86_64\bin\zip.dll
0x00007ff96f990000 - 0x00007ff96f9a0000 	C:\Users\anjal\.vscode\extensions\redhat.java-1.50.0-win32-x64\jre\21.0.9-win32-x86_64\bin\net.dll
0x00007ff98b640000 - 0x00007ff98b768000 	C:\WINDOWS\SYSTEM32\WINHTTP.dll
0x00007ff993090000 - 0x00007ff9930fb000 	C:\WINDOWS\system32\mswsock.dll
0x00007ff9606a0000 - 0x00007ff9606b6000 	C:\Users\anjal\.vscode\extensions\redhat.java-1.50.0-win32-x64\jre\21.0.9-win32-x86_64\bin\nio.dll
0x00007ff967850000 - 0x00007ff967860000 	c:\Users\anjal\.vscode\extensions\redhat.java-1.50.0-win32-x64\jre\21.0.9-win32-x86_64\bin\verify.dll
0x00007ff9565e0000 - 0x00007ff956624000 	C:\Users\anjal\AppData\Roaming\Code\User\globalStorage\redhat.java\1.50.0\config_ss_win\org.eclipse.equinox.launcher\org.eclipse.equinox.launcher.win32.win32.x86_64_1.2.1400.v20250801-0854\eclipse_11916.dll
0x00007ff9958b0000 - 0x00007ff995a47000 	C:\WINDOWS\System32\ole32.dll
0x00007ff964b20000 - 0x00007ff964b2a000 	C:\Users\anjal\.vscode\extensions\redhat.java-1.50.0-win32-x64\jre\21.0.9-win32-x86_64\bin\management.dll
0x00007ff9634f0000 - 0x00007ff9634fc000 	C:\Users\anjal\.vscode\extensions\redhat.java-1.50.0-win32-x64\jre\21.0.9-win32-x86_64\bin\management_ext.dll
0x00007ff996a60000 - 0x00007ff996a68000 	C:\WINDOWS\System32\PSAPI.DLL
0x00007ff993350000 - 0x00007ff99336b000 	C:\WINDOWS\SYSTEM32\CRYPTSP.dll
0x00007ff992a80000 - 0x00007ff992aba000 	C:\WINDOWS\system32\rsaenh.dll
0x00007ff993140000 - 0x00007ff99316b000 	C:\WINDOWS\SYSTEM32\USERENV.dll
0x00007ff993c60000 - 0x00007ff993c8a000 	C:\WINDOWS\SYSTEM32\bcrypt.dll
0x00007ff993370000 - 0x00007ff99337c000 	C:\WINDOWS\SYSTEM32\CRYPTBASE.dll
0x00007ff9924f0000 - 0x00007ff992524000 	C:\WINDOWS\SYSTEM32\IPHLPAPI.DLL
0x00007ff996140000 - 0x00007ff99614a000 	C:\WINDOWS\System32\NSI.dll
0x00007ff94f5e0000 - 0x00007ff94f629000 	C:\Users\anjal\AppData\Local\Temp\jna-92963528\jna7756988095245301724.dll
0x00007ff98bef0000 - 0x00007ff98bf0e000 	C:\WINDOWS\SYSTEM32\dhcpcsvc6.DLL
0x00007ff989040000 - 0x00007ff989063000 	C:\WINDOWS\SYSTEM32\dhcpcsvc.DLL

JVMTI agents:
c:\Users\anjal\.vscode\extensions\redhat.java-1.50.0-win32-x64\lombok\lombok-1.18.39-4050.jar path:c:\Users\anjal\.vscode\extensions\redhat.java-1.50.0-win32-x64\jre\21.0.9-win32-x86_64\bin\instrument.dll, loaded, initialized, instrumentlib options:none

dbghelp: loaded successfully - version: 4.0.5 - missing functions: none
symbol engine: initialized successfully - sym options: 0x614 - pdb path: .;c:\Users\anjal\.vscode\extensions\redhat.java-1.50.0-win32-x64\jre\21.0.9-win32-x86_64\bin;C:\WINDOWS\SYSTEM32;C:\WINDOWS\WinSxS\amd64_microsoft.windows.common-controls_6595b64144ccf1df_6.0.26100.7309_none_3e05feeae336a044;c:\Users\anjal\.vscode\extensions\redhat.java-1.50.0-win32-x64\jre\21.0.9-win32-x86_64\bin\server;C:\Users\anjal\AppData\Roaming\Code\User\globalStorage\redhat.java\1.50.0\config_ss_win\org.eclipse.equinox.launcher\org.eclipse.equinox.launcher.win32.win32.x86_64_1.2.1400.v20250801-0854;C:\Users\anjal\AppData\Local\Temp\jna-92963528

VM Arguments:
jvm_args: --add-modules=ALL-SYSTEM --add-opens=java.base/java.util=ALL-UNNAMED --add-opens=java.base/java.lang=ALL-UNNAMED --add-opens=java.base/sun.nio.fs=ALL-UNNAMED -Declipse.application=org.eclipse.jdt.ls.core.id1 -Dosgi.bundles.defaultStartLevel=4 -Declipse.product=org.eclipse.jdt.ls.core.product -Djava.import.generatesMetadataFilesAtProjectRoot=false -DDetectVMInstallationsJob.disabled=true -Dfile.encoding=utf8 -XX:+UseParallelGC -XX:GCTimeRatio=4 -XX:AdaptiveSizePolicyWeight=90 -Dsun.zip.disableMemoryMapping=true -Xmx2G -Xms100m -Xlog:disable -javaagent:c:\Users\anjal\.vscode\extensions\redhat.java-1.50.0-win32-x64\lombok\lombok-1.18.39-4050.jar 
java_command: c:\Users\anjal\.vscode\extensions\redhat.java-1.50.0-win32-x64\server\plugins\org.eclipse.equinox.launcher_1.7.100.v20251111-0406.jar -configuration c:\Users\anjal\AppData\Roaming\Code\User\globalStorage\redhat.java\1.50.0\config_ss_win -data c:\Users\anjal\AppData\Roaming\Code\User\workspaceStorage\65a096e85dce893be655fe296355c907\redhat.java\ss_ws --pipe=\\.\pipe\lsp-cf048270101fddc73c44fbbbe91df3d0-sock
java_class_path (initial): c:\Users\anjal\.vscode\extensions\redhat.java-1.50.0-win32-x64\server\plugins\org.eclipse.equinox.launcher_1.7.100.v20251111-0406.jar
Launcher Type: SUN_STANDARD

[Global flags]
    uintx AdaptiveSizePolicyWeight                 = 90                                        {product} {command line}
     intx CICompilerCount                          = 3                                         {product} {ergonomic}
    uintx GCTimeRatio                              = 4                                         {product} {command line}
   size_t InitialHeapSize                          = 104857600                                 {product} {command line}
   size_t MaxHeapSize                              = 2147483648                                {product} {command line}
   size_t MaxNewSize                               = 715653120                                 {product} {ergonomic}
   size_t MinHeapDeltaBytes                        = 524288                                    {product} {ergonomic}
   size_t MinHeapSize                              = 104857600                                 {product} {command line}
   size_t NewSize                                  = 34603008                                  {product} {ergonomic}
    uintx NonNMethodCodeHeapSize                   = 5832780                                {pd product} {ergonomic}
    uintx NonProfiledCodeHeapSize                  = 122912730                              {pd product} {ergonomic}
   size_t OldSize                                  = 70254592                                  {product} {ergonomic}
    uintx ProfiledCodeHeapSize                     = 122912730                              {pd product} {ergonomic}
    uintx ReservedCodeCacheSize                    = 251658240                              {pd product} {ergonomic}
     bool SegmentedCodeCache                       = true                                      {product} {ergonomic}
   size_t SoftMaxHeapSize                          = 2147483648                             {manageable} {ergonomic}
     bool UseCompressedOops                        = true                           {product lp64_product} {ergonomic}
     bool UseLargePagesIndividualAllocation        = false                                  {pd product} {ergonomic}
     bool UseParallelGC                            = true                                      {product} {command line}

Logging:
Log output configuration:
 #0: stdout all=off uptime,level,tags foldmultilines=false
 #1: stderr all=off uptime,level,tags foldmultilines=false

Release file:
JAVA_VERSION="21.0.9" 
MODULES="java.base java.compiler java.datatransfer java.xml java.prefs java.desktop java.instrument java.logging java.management java.security.sasl java.naming java.rmi java.management.rmi java.net.http java.scripting java.security.jgss java.transaction.xa java.sql java.sql.rowset java.xml.crypto java.se java.smartcardio jdk.accessibility jdk.internal.jvmstat jdk.attach jdk.charsets jdk.internal.opt jdk.zipfs jdk.compiler jdk.crypto.ec jdk.crypto.cryptoki jdk.crypto.mscapi jdk.dynalink jdk.internal.ed jdk.editpad jdk.hotspot.agent jdk.httpserver jdk.internal.le jdk.internal.vm.ci jdk.internal.vm.compiler jdk.internal.vm.compiler.management jdk.jartool jdk.javadoc jdk.jcmd jdk.management jdk.management.agent jdk.jconsole jdk.jdeps jdk.jdwp.agent jdk.jdi jdk.jfr jdk.jshell jdk.jsobject jdk.jstatd jdk.localedata jdk.management.jfr jdk.naming.dns jdk.naming.rmi jdk.net jdk.nio.mapmode jdk.random jdk.sctp jdk.security.auth jdk.security.jgss jdk.unsupported jdk.unsupported.desktop jdk.xml.dom" 

Environment Variables:
JAVA_HOME=C:\Program Files\Java\jdk-18.0.2
PATH=C:\Python313\Scripts\;C:\Python313\;C:\oraclexe\app\oracle\product\11.2.0\server\bin;C:\Program Files\Common Files\Oracle\Java\javapath;C:\Program Files (x86)\Common Files\Oracle\Java\java8path;C:\Program Files (x86)\Common Files\Oracle\Java\javapath;C:\WINDOWS\system32;C:\WINDOWS;C:\WINDOWS\System32\Wbem;C:\WINDOWS\System32\WindowsPowerShell\v1.0\;C:\WINDOWS\System32\OpenSSH\;C:\MinGW\bin;C:\msys64\ucrt64\bin;C:\Users\anjal\Downloads\apache-maven-3.9.5-bin.zip\apache-maven-3.9.5\bin;C:\Users\anjal\Downloads\apache-maven-3.9.5-bin.tar.gz\apache-maven-3.9.5\bin;C:\Users\anjal\Downloads\zulu21.30.15-ca-jdk21.0.1-win_x64.zip\zulu21.30.15-ca-jdk21.0.1-win_x64\lib;C:\msys64\ucrt64\lib\python3.12\site-packages\pip;C:\Program Files\MongoDB\Server\7.0\bin;C:\Program Files\mongosh\mongosh-2.2.5-win32-x64\bin;C:\Program Files\CMake\bin;C:\Users\anjal\AppData\Local\Programs\Python\Python312\;C:\Users\anjal\AppData\Local\Programs\Python\Python312\Scripts\;C:\Program Files\Git\cmd;C:\Program Files\nodejs\;C:\ProgramData\chocolatey\bin;C:\Users\anjal\AppData\Local\Programs\Python\Launcher\;C:\Users\anjal\AppData\Local\Programs\Python\Python312\Scripts\;C:\Users\anjal\AppData\Local\Programs\Python\Python312\;C:\Users\anjal\AppData\Local\Programs\Python\Python310\Scripts\;C:\Users\anjal\AppData\Local\Programs\Python\Python310\;C:\Program Files\MySQL\MySQL Shell 8.0\bin\;C:\Program Files\JetBrains\PyCharm Community Edition 2024.2.1\bin;;C:\Users\anjal\AppData\Local\Programs\Microsoft VS Code\bin;C:\MinGW\bin;C:\Users\anjal\AppData\Local\Programs\Python\Python312\Scripts;C:\Users\anjal\AppData\Local\Microsoft\WindowsApps;C:\Users\anjal\AppData\Local\GitHubDesktop\bin;C:\Users\anjal\AppData\Roaming\npm;
USERNAME=anjal
OS=Windows_NT
PROCESSOR_IDENTIFIER=AMD64 Family 23 Model 96 Stepping 1, AuthenticAMD
TMP=C:\Users\anjal\AppData\Local\Temp
TEMP=C:\Users\anjal\AppData\Local\Temp




Periodic native trim disabled

---------------  S Y S T E M  ---------------

OS:
 Windows 11 , 64 bit Build 26100 (10.0.26100.7309)
OS uptime: 2 days 0:40 hours
Hyper-V role detected

CPU: total 6 (initial active 6) (6 cores per cpu, 1 threads per core) family 23 model 96 stepping 1 microcode 0x8600106, cx8, cmov, fxsr, mmx, 3dnowpref, sse, sse2, sse3, ssse3, sse4a, sse4.1, sse4.2, popcnt, lzcnt, tsc, tscinvbit, avx, avx2, aes, clmul, bmi1, bmi2, adx, sha, fma, vzeroupper, clflush, clflushopt, hv, rdtscp, rdpid, f16c
Processor Information for the first 6 processors :
  Max Mhz: 2375, Current Mhz: 2375, Mhz Limit: 2375

Memory: 4k page, system-wide physical 7550M (647M free)
TotalPageFile size 31102M (AvailPageFile size 15M)
current process WorkingSet (physical memory assigned to process): 133M, peak: 182M
current process commit charge ("private bytes"): 277M, peak: 306M

vm_info: OpenJDK 64-Bit Server VM (21.0.9+10-LTS) for windows-amd64 JRE (21.0.9+10-LTS), built on 2025-10-21T00:00:00Z by "admin" with unknown MS VC++:1942

END.
